20:12:03.125 [main] DEBUG testCases.TC001_AccountRegistrationTest - Debug logs..
14:57:26.494 [main] INFO  testCases.TC001_AccountRegistrationTest - ***Starting TC001_AccountRegistrationTest****
14:57:26.629 [main] INFO  testCases.TC001_AccountRegistrationTest - Clicked on My Account link..
14:57:27.654 [main] INFO  testCases.TC001_AccountRegistrationTest - Clicked on Register link..
14:57:27.657 [main] INFO  testCases.TC001_AccountRegistrationTest - Providing customer details...
14:57:29.441 [main] INFO  testCases.TC001_AccountRegistrationTest - validating expected message...
14:57:29.518 [main] INFO  testCases.TC001_AccountRegistrationTest - ****Finisher TC001_AccountRegistrationTest****
18:48:29.085 [main] INFO  testCases.TC001_AccountRegistrationTest - ***Starting TC001_AccountRegistrationTest****
18:48:29.204 [main] INFO  testCases.TC001_AccountRegistrationTest - Clicked on My Account link..
18:48:30.253 [main] INFO  testCases.TC001_AccountRegistrationTest - Clicked on Register link..
18:48:30.258 [main] INFO  testCases.TC001_AccountRegistrationTest - Providing customer details...
18:48:32.409 [main] INFO  testCases.TC001_AccountRegistrationTest - validating expected message...
18:48:42.470 [main] ERROR testCases.TC001_AccountRegistrationTest - Test failed..
18:48:42.471 [main] DEBUG testCases.TC001_AccountRegistrationTest - Debug logs..
19:03:03.681 [main] INFO  testCases.TC001_AccountRegistrationTest - ***Starting TC001_AccountRegistrationTest****
19:03:03.793 [main] INFO  testCases.TC001_AccountRegistrationTest - Clicked on My Account link..
19:03:04.459 [main] INFO  testCases.TC001_AccountRegistrationTest - Clicked on Register link..
19:03:04.461 [main] INFO  testCases.TC001_AccountRegistrationTest - Providing customer details...
19:03:05.801 [main] INFO  testCases.TC001_AccountRegistrationTest - validating expected message...
19:03:15.863 [main] ERROR testCases.TC001_AccountRegistrationTest - Test failed..
19:03:15.864 [main] DEBUG testCases.TC001_AccountRegistrationTest - Debug logs..
19:16:12.130 [main] INFO  testCases.TC001_AccountRegistrationTest - ***Starting TC001_AccountRegistrationTest****
19:16:12.257 [main] INFO  testCases.TC001_AccountRegistrationTest - Clicked on My Account link..
19:16:12.926 [main] INFO  testCases.TC001_AccountRegistrationTest - Clicked on Register link..
19:16:12.929 [main] INFO  testCases.TC001_AccountRegistrationTest - Providing customer details...
19:16:14.006 [main] INFO  testCases.TC001_AccountRegistrationTest - validating expected message...
19:16:24.048 [main] ERROR testCases.TC001_AccountRegistrationTest - Test failed..
19:16:24.048 [main] DEBUG testCases.TC001_AccountRegistrationTest - Debug logs..
